2013-05-31 14:07:20,885 [Compass Gps Index [pool-15-thread-5]] ERROR StackTrace  - Full Stack Trace:
org.compass.core.engine.SearchEngineException: Failed to execeute job [Job Create [alias [Compounds] uid [Compounds#12346#]] Resource [{Compounds} [stored/uncompressed,indexed,omitNorms<alias:Compounds>],[stored/uncompressed,indexed,omitNorms,omitTf<$/Compounds/id:12346>],[stored/uncompressed,indexed,tokenized<display_id:C15598>],[stored/uncompressed,indexed,tokenized<name:2,3-cis-2R,3R-Flavan-3-ol; Flavan-3-ol>],[stored/uncompressed,indexed<version:0>],[stored/uncompressed,indexed,omitNorms,omitTf<$/Compounds/compSrc/id:1>],[stored/uncompressed,indexed,omitNorms,omitTf<$/Compounds/compounds_in_concepts/colSize:0>],[stored/uncompressed,indexed,omitNorms,omitTf<$/uid:Compounds#12346#>]]]; nested exception is org.apache.lucene.store.AlreadyClosedException: this Analyzer is closed
org.apache.lucene.store.AlreadyClosedException: this Analyzer is closed
	at org.apache.lucene.analysis.Analyzer.getPreviousTokenStream(Analyzer.java:60)
	at org.apache.lucene.analysis.standard.StandardAnalyzer.reusableTokenStream(StandardAnalyzer.java:225)
	at org.compass.core.lucene.engine.all.AllAnalyzer.reusableTokenStream(AllAnalyzer.java:186)
	at org.apache.lucene.index.DocInverterPerField.processFields(DocInverterPerField.java:117)
	at org.apache.lucene.index.DocFieldConsumersPerField.processFields(DocFieldConsumersPerField.java:36)
	at org.apache.lucene.index.DocFieldProcessorPerThread.processDocument(DocFieldProcessorPerThread.java:234)
	at org.apache.lucene.index.DocumentsWriter.updateDocument(DocumentsWriter.java:765)
	at org.apache.lucene.index.DocumentsWriter.addDocument(DocumentsWriter.java:743)
	at org.apache.lucene.index.IndexWriter.addDocument(IndexWriter.java:1917)
	at org.compass.core.lucene.engine.transaction.support.WriterHelper.processCreate(WriterHelper.java:40)
	at org.compass.core.lucene.engine.transaction.support.job.CreateTransactionJob.execute(CreateTransactionJob.java:54)
	at org.compass.core.lucene.engine.transaction.lucene.LuceneTransactionProcessor.doProcessJob(LuceneTransactionProcessor.java:170)
	at org.compass.core.lucene.engine.transaction.support.AbstractConcurrentTransactionProcessor$Processor.processJob(AbstractConcurrentTransactionProcessor.java:572)
	at org.compass.core.lucene.engine.transaction.support.AbstractConcurrentTransactionProcessor$Processor.run(AbstractConcurrentTransactionProcessor.java:526)
	at java.util.concurrent.Executors$RunnableAdapter.call(Executors.java:471)
	at java.util.concurrent.FutureTask$Sync.innerRun(FutureTask.java:334)
	at java.util.concurrent.FutureTask.run(FutureTask.java:166)
	at java.util.concurrent.ThreadPoolExecutor.runWorker(ThreadPoolExecutor.java:1146)
	at java.util.concurrent.ThreadPoolExecutor$Worker.run(ThreadPoolExecutor.java:615)
	at java.lang.Thread.run(Thread.java:679)
2013-05-31 14:07:21,746 [Compass Gps Index [pool-15-thread-5]] ERROR StackTrace  - Full Stack Trace:
org.apache.lucene.store.AlreadyClosedException: this Analyzer is closed
	at org.apache.lucene.analysis.Analyzer.getPreviousTokenStream(Analyzer.java:60)
	at org.apache.lucene.analysis.standard.StandardAnalyzer.reusableTokenStream(StandardAnalyzer.java:225)
	at org.compass.core.lucene.engine.all.AllAnalyzer.reusableTokenStream(AllAnalyzer.java:186)
	at org.apache.lucene.index.DocInverterPerField.processFields(DocInverterPerField.java:117)
	at org.apache.lucene.index.DocFieldConsumersPerField.processFields(DocFieldConsumersPerField.java:36)
	at org.apache.lucene.index.DocFieldProcessorPerThread.processDocument(DocFieldProcessorPerThread.java:234)
	at org.apache.lucene.index.DocumentsWriter.updateDocument(DocumentsWriter.java:765)
	at org.apache.lucene.index.DocumentsWriter.addDocument(DocumentsWriter.java:743)
	at org.apache.lucene.index.IndexWriter.addDocument(IndexWriter.java:1917)
	at org.compass.core.lucene.engine.transaction.support.WriterHelper.processCreate(WriterHelper.java:40)
	at org.compass.core.lucene.engine.transaction.support.job.CreateTransactionJob.execute(CreateTransactionJob.java:54)
	at org.compass.core.lucene.engine.transaction.lucene.LuceneTransactionProcessor.doProcessJob(LuceneTransactionProcessor.java:170)
	at org.compass.core.lucene.engine.transaction.support.AbstractConcurrentTransactionProcessor$Processor.processJob(AbstractConcurrentTransactionProcessor.java:572)
	at org.compass.core.lucene.engine.transaction.support.AbstractConcurrentTransactionProcessor$Processor.run(AbstractConcurrentTransactionProcessor.java:526)
	at java.util.concurrent.Executors$RunnableAdapter.call(Executors.java:471)
	at java.util.concurrent.FutureTask$Sync.innerRun(FutureTask.java:334)
	at java.util.concurrent.FutureTask.run(FutureTask.java:166)
	at java.util.concurrent.ThreadPoolExecutor.runWorker(ThreadPoolExecutor.java:1146)
	at java.util.concurrent.ThreadPoolExecutor$Worker.run(ThreadPoolExecutor.java:615)
	at java.lang.Thread.run(Thread.java:679)
2013-05-31 14:07:21,746 [Compass Gps Index [pool-15-thread-5]] ERROR StackTrace  - Full Stack Trace:
org.compass.core.engine.SearchEngineException: Failed to execeute job [Job Create [alias [Compounds] uid [Compounds#12346#]] Resource [{Compounds} [stored/uncompressed,indexed,omitNorms<alias:Compounds>],[stored/uncompressed,indexed,omitNorms,omitTf<$/Compounds/id:12346>],[stored/uncompressed,indexed,tokenized<display_id:C15598>],[stored/uncompressed,indexed,tokenized<name:2,3-cis-2R,3R-Flavan-3-ol; Flavan-3-ol>],[stored/uncompressed,indexed<version:0>],[stored/uncompressed,indexed,omitNorms,omitTf<$/Compounds/compSrc/id:1>],[stored/uncompressed,indexed,omitNorms,omitTf<$/Compounds/compounds_in_concepts/colSize:0>],[stored/uncompressed,indexed,omitNorms,omitTf<$/uid:Compounds#12346#>]]]; nested exception is org.apache.lucene.store.AlreadyClosedException: this Analyzer is closed
org.apache.lucene.store.AlreadyClosedException: this Analyzer is closed
	at org.apache.lucene.analysis.Analyzer.getPreviousTokenStream(Analyzer.java:60)
	at org.apache.lucene.analysis.standard.StandardAnalyzer.reusableTokenStream(StandardAnalyzer.java:225)
	at org.compass.core.lucene.engine.all.AllAnalyzer.reusableTokenStream(AllAnalyzer.java:186)
	at org.apache.lucene.index.DocInverterPerField.processFields(DocInverterPerField.java:117)
	at org.apache.lucene.index.DocFieldConsumersPerField.processFields(DocFieldConsumersPerField.java:36)
	at org.apache.lucene.index.DocFieldProcessorPerThread.processDocument(DocFieldProcessorPerThread.java:234)
	at org.apache.lucene.index.DocumentsWriter.updateDocument(DocumentsWriter.java:765)
	at org.apache.lucene.index.DocumentsWriter.addDocument(DocumentsWriter.java:743)
	at org.apache.lucene.index.IndexWriter.addDocument(IndexWriter.java:1917)
	at org.compass.core.lucene.engine.transaction.support.WriterHelper.processCreate(WriterHelper.java:40)
	at org.compass.core.lucene.engine.transaction.support.job.CreateTransactionJob.execute(CreateTransactionJob.java:54)
	at org.compass.core.lucene.engine.transaction.lucene.LuceneTransactionProcessor.doProcessJob(LuceneTransactionProcessor.java:170)
	at org.compass.core.lucene.engine.transaction.support.AbstractConcurrentTransactionProcessor$Processor.processJob(AbstractConcurrentTransactionProcessor.java:572)
	at org.compass.core.lucene.engine.transaction.support.AbstractConcurrentTransactionProcessor$Processor.run(AbstractConcurrentTransactionProcessor.java:526)
	at java.util.concurrent.Executors$RunnableAdapter.call(Executors.java:471)
	at java.util.concurrent.FutureTask$Sync.innerRun(FutureTask.java:334)
	at java.util.concurrent.FutureTask.run(FutureTask.java:166)
	at java.util.concurrent.ThreadPoolExecutor.runWorker(ThreadPoolExecutor.java:1146)
	at java.util.concurrent.ThreadPoolExecutor$Worker.run(ThreadPoolExecutor.java:615)
	at java.lang.Thread.run(Thread.java:679)
2013-05-31 14:07:21,747 [Compass Gps Index [pool-15-thread-5]] ERROR StackTrace  - Full Stack Trace:
org.compass.core.engine.SearchEngineException: Failed to execeute job [Job Create [alias [Compounds] uid [Compounds#12346#]] Resource [{Compounds} [stored/uncompressed,indexed,omitNorms<alias:Compounds>],[stored/uncompressed,indexed,omitNorms,omitTf<$/Compounds/id:12346>],[stored/uncompressed,indexed,tokenized<display_id:C15598>],[stored/uncompressed,indexed,tokenized<name:2,3-cis-2R,3R-Flavan-3-ol; Flavan-3-ol>],[stored/uncompressed,indexed<version:0>],[stored/uncompressed,indexed,omitNorms,omitTf<$/Compounds/compSrc/id:1>],[stored/uncompressed,indexed,omitNorms,omitTf<$/Compounds/compounds_in_concepts/colSize:0>],[stored/uncompressed,indexed,omitNorms,omitTf<$/uid:Compounds#12346#>]]]; nested exception is org.apache.lucene.store.AlreadyClosedException: this Analyzer is closed
org.apache.lucene.store.AlreadyClosedException: this Analyzer is closed
	at org.apache.lucene.analysis.Analyzer.getPreviousTokenStream(Analyzer.java:60)
	at org.apache.lucene.analysis.standard.StandardAnalyzer.reusableTokenStream(StandardAnalyzer.java:225)
	at org.compass.core.lucene.engine.all.AllAnalyzer.reusableTokenStream(AllAnalyzer.java:186)
	at org.apache.lucene.index.DocInverterPerField.processFields(DocInverterPerField.java:117)
	at org.apache.lucene.index.DocFieldConsumersPerField.processFields(DocFieldConsumersPerField.java:36)
	at org.apache.lucene.index.DocFieldProcessorPerThread.processDocument(DocFieldProcessorPerThread.java:234)
	at org.apache.lucene.index.DocumentsWriter.updateDocument(DocumentsWriter.java:765)
	at org.apache.lucene.index.DocumentsWriter.addDocument(DocumentsWriter.java:743)
	at org.apache.lucene.index.IndexWriter.addDocument(IndexWriter.java:1917)
	at org.compass.core.lucene.engine.transaction.support.WriterHelper.processCreate(WriterHelper.java:40)
	at org.compass.core.lucene.engine.transaction.support.job.CreateTransactionJob.execute(CreateTransactionJob.java:54)
	at org.compass.core.lucene.engine.transaction.lucene.LuceneTransactionProcessor.doProcessJob(LuceneTransactionProcessor.java:170)
	at org.compass.core.lucene.engine.transaction.support.AbstractConcurrentTransactionProcessor$Processor.processJob(AbstractConcurrentTransactionProcessor.java:572)
	at org.compass.core.lucene.engine.transaction.support.AbstractConcurrentTransactionProcessor$Processor.run(AbstractConcurrentTransactionProcessor.java:526)
	at java.util.concurrent.Executors$RunnableAdapter.call(Executors.java:471)
	at java.util.concurrent.FutureTask$Sync.innerRun(FutureTask.java:334)
	at java.util.concurrent.FutureTask.run(FutureTask.java:166)
	at java.util.concurrent.ThreadPoolExecutor.runWorker(ThreadPoolExecutor.java:1146)
	at java.util.concurrent.ThreadPoolExecutor$Worker.run(ThreadPoolExecutor.java:615)
	at java.lang.Thread.run(Thread.java:679)
2013-05-31 14:07:21,747 [Compass Gps Index [pool-15-thread-5]] ERROR StackTrace  - Full Stack Trace:
org.apache.lucene.store.AlreadyClosedException: this Analyzer is closed
	at org.apache.lucene.analysis.Analyzer.getPreviousTokenStream(Analyzer.java:60)
	at org.apache.lucene.analysis.standard.StandardAnalyzer.reusableTokenStream(StandardAnalyzer.java:225)
	at org.compass.core.lucene.engine.all.AllAnalyzer.reusableTokenStream(AllAnalyzer.java:186)
	at org.apache.lucene.index.DocInverterPerField.processFields(DocInverterPerField.java:117)
	at org.apache.lucene.index.DocFieldConsumersPerField.processFields(DocFieldConsumersPerField.java:36)
	at org.apache.lucene.index.DocFieldProcessorPerThread.processDocument(DocFieldProcessorPerThread.java:234)
	at org.apache.lucene.index.DocumentsWriter.updateDocument(DocumentsWriter.java:765)
	at org.apache.lucene.index.DocumentsWriter.addDocument(DocumentsWriter.java:743)
	at org.apache.lucene.index.IndexWriter.addDocument(IndexWriter.java:1917)
	at org.compass.core.lucene.engine.transaction.support.WriterHelper.processCreate(WriterHelper.java:40)
	at org.compass.core.lucene.engine.transaction.support.job.CreateTransactionJob.execute(CreateTransactionJob.java:54)
	at org.compass.core.lucene.engine.transaction.lucene.LuceneTransactionProcessor.doProcessJob(LuceneTransactionProcessor.java:170)
	at org.compass.core.lucene.engine.transaction.support.AbstractConcurrentTransactionProcessor$Processor.processJob(AbstractConcurrentTransactionProcessor.java:572)
	at org.compass.core.lucene.engine.transaction.support.AbstractConcurrentTransactionProcessor$Processor.run(AbstractConcurrentTransactionProcessor.java:526)
	at java.util.concurrent.Executors$RunnableAdapter.call(Executors.java:471)
	at java.util.concurrent.FutureTask$Sync.innerRun(FutureTask.java:334)
	at java.util.concurrent.FutureTask.run(FutureTask.java:166)
	at java.util.concurrent.ThreadPoolExecutor.runWorker(ThreadPoolExecutor.java:1146)
	at java.util.concurrent.ThreadPoolExecutor$Worker.run(ThreadPoolExecutor.java:615)
	at java.lang.Thread.run(Thread.java:679)
2013-05-31 14:07:21,747 [Compass Gps Index [pool-15-thread-5]] ERROR StackTrace  - Full Stack Trace:
org.compass.core.engine.SearchEngineException: Failed to execeute job [Job Create [alias [Compounds] uid [Compounds#12346#]] Resource [{Compounds} [stored/uncompressed,indexed,omitNorms<alias:Compounds>],[stored/uncompressed,indexed,omitNorms,omitTf<$/Compounds/id:12346>],[stored/uncompressed,indexed,tokenized<display_id:C15598>],[stored/uncompressed,indexed,tokenized<name:2,3-cis-2R,3R-Flavan-3-ol; Flavan-3-ol>],[stored/uncompressed,indexed<version:0>],[stored/uncompressed,indexed,omitNorms,omitTf<$/Compounds/compSrc/id:1>],[stored/uncompressed,indexed,omitNorms,omitTf<$/Compounds/compounds_in_concepts/colSize:0>],[stored/uncompressed,indexed,omitNorms,omitTf<$/uid:Compounds#12346#>]]]; nested exception is org.apache.lucene.store.AlreadyClosedException: this Analyzer is closed
org.apache.lucene.store.AlreadyClosedException: this Analyzer is closed
	at org.apache.lucene.analysis.Analyzer.getPreviousTokenStream(Analyzer.java:60)
	at org.apache.lucene.analysis.standard.StandardAnalyzer.reusableTokenStream(StandardAnalyzer.java:225)
	at org.compass.core.lucene.engine.all.AllAnalyzer.reusableTokenStream(AllAnalyzer.java:186)
	at org.apache.lucene.index.DocInverterPerField.processFields(DocInverterPerField.java:117)
	at org.apache.lucene.index.DocFieldConsumersPerField.processFields(DocFieldConsumersPerField.java:36)
	at org.apache.lucene.index.DocFieldProcessorPerThread.processDocument(DocFieldProcessorPerThread.java:234)
	at org.apache.lucene.index.DocumentsWriter.updateDocument(DocumentsWriter.java:765)
	at org.apache.lucene.index.DocumentsWriter.addDocument(DocumentsWriter.java:743)
	at org.apache.lucene.index.IndexWriter.addDocument(IndexWriter.java:1917)
	at org.compass.core.lucene.engine.transaction.support.WriterHelper.processCreate(WriterHelper.java:40)
	at org.compass.core.lucene.engine.transaction.support.job.CreateTransactionJob.execute(CreateTransactionJob.java:54)
	at org.compass.core.lucene.engine.transaction.lucene.LuceneTransactionProcessor.doProcessJob(LuceneTransactionProcessor.java:170)
	at org.compass.core.lucene.engine.transaction.support.AbstractConcurrentTransactionProcessor$Processor.processJob(AbstractConcurrentTransactionProcessor.java:572)
	at org.compass.core.lucene.engine.transaction.support.AbstractConcurrentTransactionProcessor$Processor.run(AbstractConcurrentTransactionProcessor.java:526)
	at java.util.concurrent.Executors$RunnableAdapter.call(Executors.java:471)
	at java.util.concurrent.FutureTask$Sync.innerRun(FutureTask.java:334)
	at java.util.concurrent.FutureTask.run(FutureTask.java:166)
	at java.util.concurrent.ThreadPoolExecutor.runWorker(ThreadPoolExecutor.java:1146)
	at java.util.concurrent.ThreadPoolExecutor$Worker.run(ThreadPoolExecutor.java:615)
	at java.lang.Thread.run(Thread.java:679)
